<?xml version="1.0" encoding="UTF-8"?>
<!-- Generated by org.testng.reporters.JUnitXMLReporter -->
<testsuite ignored="2" hostname="DESKTOP-DP21TJ2" failures="1" tests="1" name="Default test(failed)" time="6.969" errors="0" timestamp="2026-09-09T07:20:22 IST">
  <testcase classname="com.ui.tests.LoginTest" name="loginCSVTest" time="0.983">
    <failure type="java.lang.AssertionError" message="expected [Supriya Gorivale] but found [Omkar Gorivale]">
      <![CDATA[java.lang.AssertionError: expected [Supriya Gorivale] but found [Omkar Gorivale]
at com.ui.tests.LoginTest.loginCSVTest(LoginTest.java:41)
at java.base/java.util.ArrayList.forEach(ArrayList.java:1540)
... Removed 33 stack frames]]>
    </failure>
  </testcase> <!-- loginCSVTest -->
  <testcase classname="com.ui.tests.LoginTest" name="loginTest" time="0.0">
    <ignored/>
  </testcase> <!-- loginTest -->
  <testcase classname="com.ui.tests.LoginTest" name="loginExcelTest" time="0.0">
    <ignored/>
  </testcase> <!-- loginExcelTest -->
</testsuite> <!-- Default test(failed) -->
