<?xml version="1.0" encoding="UTF-8"?>
<!-- Generated by org.testng.reporters.JUnitXMLReporter -->
<testsuite ignored="0" hostname="DESKTOP-DP21TJ2" failures="2" tests="7" name="UI Test Automation" time="22.701" errors="0" timestamp="2026-09-09T23:53:27 IST">
  <testcase classname="com.ui.tests.LoginTest" name="loginExcelTest" time="1.29"/>
  <testcase classname="com.ui.tests.LoginTest" name="loginCSVTest" time="1.179">
    <skipped/>
  </testcase> <!-- loginCSVTest -->
  <testcase classname="com.ui.tests.LoginTest" name="loginCSVTest" time="0.907">
    <skipped/>
  </testcase> <!-- loginCSVTest -->
  <testcase classname="com.ui.tests.LoginTest" name="loginTest" time="1.168"/>
  <testcase classname="com.ui.tests.LoginTest" name="loginCSVTest" time="1.279">
    <skipped/>
  </testcase> <!-- loginCSVTest -->
  <testcase classname="com.ui.tests.LoginTest" name="loginTest" time="4.367">
    <failure type="java.lang.AssertionError" message="expected [Supriya Gorivale] but found [Omkar Gorivale]">
      <![CDATA[java.lang.AssertionError: expected [Supriya Gorivale] but found [Omkar Gorivale]
at com.ui.tests.LoginTest.loginTest(LoginTest.java:37)
at java.base/java.util.concurrent.Executors$RunnableAdapter.call(Executors.java:515)
at java.base/java.util.concurrent.FutureTask.run(FutureTask.java:264)
at java.base/java.util.concurrent.ThreadPoolExecutor.runWorker(ThreadPoolExecutor.java:1128)
at java.base/java.util.concurrent.ThreadPoolExecutor$Worker.run(ThreadPoolExecutor.java:628)
at java.base/java.lang.Thread.run(Thread.java:834)
... Removed 19 stack frames]]>
    </failure>
  </testcase> <!-- loginTest -->
  <testcase classname="com.ui.tests.LoginTest" name="loginCSVTest" time="3.487">
    <failure type="java.lang.AssertionError" message="expected [Supriya Gorivale] but found [Omkar Gorivale]">
      <![CDATA[java.lang.AssertionError: expected [Supriya Gorivale] but found [Omkar Gorivale]
at com.ui.tests.LoginTest.loginCSVTest(LoginTest.java:45)
at java.base/java.util.concurrent.Executors$RunnableAdapter.call(Executors.java:515)
at java.base/java.util.concurrent.FutureTask.run(FutureTask.java:264)
at java.base/java.util.concurrent.ThreadPoolExecutor.runWorker(ThreadPoolExecutor.java:1128)
at java.base/java.util.concurrent.ThreadPoolExecutor$Worker.run(ThreadPoolExecutor.java:628)
at java.base/java.lang.Thread.run(Thread.java:834)
... Removed 19 stack frames]]>
    </failure>
  </testcase> <!-- loginCSVTest -->
</testsuite> <!-- UI Test Automation -->
