<?xml version="1.0" encoding="UTF-8"?>
<!-- Generated by org.testng.reporters.JUnitXMLReporter -->
<testsuite ignored="0" hostname="DESKTOP-DP21TJ2" failures="2" tests="7" name="UI Test Automation" time="34.223" errors="0" timestamp="2026-09-13T19:50:53 IST">
  <testcase classname="com.ui.tests.LoginTest" name="loginCSVTest" time="1.412">
    <skipped/>
  </testcase> <!-- loginCSVTest -->
  <testcase classname="com.ui.tests.LoginTest" name="loginExcelTest" time="1.924"/>
  <testcase classname="com.ui.tests.LoginTest" name="loginCSVTest" time="1.331">
    <skipped/>
  </testcase> <!-- loginCSVTest -->
  <testcase classname="com.ui.tests.LoginTest" name="loginTest" time="3.589"/>
  <testcase classname="com.ui.tests.LoginTest" name="loginCSVTest" time="1.896">
    <skipped/>
  </testcase> <!-- loginCSVTest -->
  <testcase classname="com.ui.tests.LoginTest" name="loginTest" time="1.346">
    <failure type="java.lang.AssertionError" message="expected [Supriya Gorivale] but found [Omkar Gorivale]">
      <![CDATA[java.lang.AssertionError: expected [Supriya Gorivale] but found [Omkar Gorivale]
at com.ui.tests.LoginTest.loginTest(LoginTest.java:23)
at java.base/java.util.concurrent.Executors$RunnableAdapter.call(Executors.java:515)
at java.base/java.util.concurrent.FutureTask.run(FutureTask.java:264)
at java.base/java.util.concurrent.ThreadPoolExecutor.runWorker(ThreadPoolExecutor.java:1128)
at java.base/java.util.concurrent.ThreadPoolExecutor$Worker.run(ThreadPoolExecutor.java:628)
at java.base/java.lang.Thread.run(Thread.java:834)
... Removed 19 stack frames]]>
    </failure>
  </testcase> <!-- loginTest -->
  <testcase classname="com.ui.tests.LoginTest" name="loginCSVTest" time="4.435">
    <failure type="java.lang.AssertionError" message="expected [Supriya Gorivale] but found [Omkar Gorivale]">
      <![CDATA[java.lang.AssertionError: expected [Supriya Gorivale] but found [Omkar Gorivale]
at com.ui.tests.LoginTest.loginCSVTest(LoginTest.java:31)
at java.base/java.util.concurrent.Executors$RunnableAdapter.call(Executors.java:515)
at java.base/java.util.concurrent.FutureTask.run(FutureTask.java:264)
at java.base/java.util.concurrent.ThreadPoolExecutor.runWorker(ThreadPoolExecutor.java:1128)
at java.base/java.util.concurrent.ThreadPoolExecutor$Worker.run(ThreadPoolExecutor.java:628)
at java.base/java.lang.Thread.run(Thread.java:834)
... Removed 19 stack frames]]>
    </failure>
  </testcase> <!-- loginCSVTest -->
</testsuite> <!-- UI Test Automation -->
