<?xml version="1.0" encoding="UTF-8"?>
<!-- Generated by org.testng.reporters.JUnitXMLReporter -->
<testsuite ignored="2" hostname="DESKTOP-DP21TJ2" failures="0" tests="1" name="Default test" time="7.261" errors="0" timestamp="2026-09-12T12:04:36 IST">
  <testcase classname="com.ui.tests.LoginTest" name="loginExcelTest" time="1.191"/>
  <testcase classname="com.ui.tests.LoginTest" name="loginTest" time="0.0">
    <ignored/>
  </testcase> <!-- loginTest -->
  <testcase classname="com.ui.tests.LoginTest" name="loginCSVTest" time="0.0">
    <ignored/>
  </testcase> <!-- loginCSVTest -->
</testsuite> <!-- Default test -->
